{
  "RSpec": {
    "coverage": {
      "/home/magical-view-3528/tic-tac-toe-rb-online-web-sp-000/lib/tic_tac_toe.rb": [
        null,
        1,
        null,
        null,
        null,
        null,
        null,
        null,
        null,
        null,
        null,
        1,
        12,
        7,
        7,
        0,
        0,
        null,
        null,
        null,
        1,
        5,
        5,
        5,
        5,
        5,
        null,
        null,
        1,
        10,
        null,
        null,
        1,
        3,
        null,
        null,
        1,
        52,
        null,
        null,
        1,
        10,
        null,
        null,
        1,
        7,
        7,
        7,
        7,
        0,
        0,
        null,
        0,
        null,
        null,
        null,
        1,
        20,
        null,
        null,
        1,
        1,
        null,
        null,
        1,
        23,
        139,
        null,
        null,
        null,
        null,
        23,
        25,
        null,
        null,
        23,
        6,
        null,
        null,
        23,
        11,
        null,
        null,
        null,
        null,
        null,
        null
      ]
    },
    "timestamp": 1592938603
  }
}
